<?xml version="1.0" encoding="UTF-8"?>
<!-- Generated by org.testng.reporters.JUnitXMLReporter -->
<testsuite ignored="0" hostname="LAPTOP-6POC6PNF" failures="0" tests="26" name="Default test" time="548.085" errors="0" timestamp="2022-08-29T14:13:19 IST">
  <testcase classname="nursingSystem_Page_Tests.Personal_Details_Test" name="TC1" time="5.141"/>
  <testcase classname="nursingSystem_Page_Tests.Personal_Details_Test" name="TC2" time="3.352"/>
  <testcase classname="nursingSystem_Page_Tests.Personal_Details_Test" name="TC3" time="3.375"/>
  <testcase classname="nursingSystem_Page_Tests.Personal_Details_Test" name="TC4" time="4.466"/>
  <testcase classname="nursingSystem_Page_Tests.Personal_Details_Test" name="TC5" time="27.631"/>
  <testcase classname="nursingSystem_Page_Tests.Personal_Details_Test" name="TC6" time="5.147"/>
  <testcase classname="nursingSystem_Page_Tests.Personal_Details_Test" name="TC7" time="19.096"/>
  <testcase classname="nursingSystem_Page_Tests.Personal_Details_Test" name="TC8" time="6.714"/>
  <testcase classname="nursingSystem_Page_Tests.Personal_Details_Test" name="TC9" time="3.42"/>
  <testcase classname="nursingSystem_Page_Tests.Personal_Details_Test" name="TC10" time="3.249"/>
  <testcase classname="nursingSystem_Page_Tests.Personal_Details_Test" name="TC11" time="4.074"/>
  <testcase classname="nursingSystem_Page_Tests.Personal_Details_Test" name="TC12" time="9.681"/>
  <testcase classname="nursingSystem_Page_Tests.Personal_Details_Test" name="TC13" time="5.955"/>
  <testcase classname="nursingSystem_Page_Tests.Personal_Details_Test" name="TC24" time="19.815"/>
  <testcase classname="nursingSystem_Page_Tests.Personal_Details_Test" name="TC25" time="4.331"/>
  <testcase classname="nursingSystem_Page_Tests.Personal_Details_Test" name="TC26" time="4.7"/>
  <testcase classname="nursingSystem_Page_Tests.Personal_Details_Test" name="TC27" time="21.015"/>
  <testcase classname="nursingSystem_Page_Tests.Personal_Details_Test" name="TC28" time="13.65"/>
  <testcase classname="nursingSystem_Page_Tests.Personal_Details_Test" name="TC30" time="4.365"/>
  <testcase classname="nursingSystem_Page_Tests.Personal_Details_Test" name="TC31" time="5.991"/>
  <testcase classname="nursingSystem_Page_Tests.Personal_Details_Test" name="TC32" time="5.968"/>
  <testcase classname="nursingSystem_Page_Tests.Personal_Details_Test" name="TC33" time="4.835"/>
  <testcase classname="nursingSystem_Page_Tests.Personal_Details_Test" name="TC34" time="17.438"/>
  <testcase classname="nursingSystem_Page_Tests.Personal_Details_Test" name="TC35" time="5.087"/>
  <testcase classname="nursingSystem_Page_Tests.Personal_Details_Test" name="TC36" time="5.089"/>
  <testcase classname="nursingSystem_Page_Tests.Personal_Details_Test" name="TC37" time="4.314"/>
</testsuite> <!-- Default test -->
